app/build/outputs/logs/manifest-merger-debug-report.txt
-- Merging decision tree log ---
manifest
ADDED from src\main\AndroidManifest.xml:2:1-216:12
	package
		ADDED from src\main\AndroidManifest.xml:4:5-31
		INJECTED from src\main\AndroidManifest.xml
		INJECTED from src\main\AndroidManifest.xml
	android:versionName
		ADDED from src\main\AndroidManifest.xml:6:11-36
		INJECTED from src\main\AndroidManifest.xml
		INJECTED from src\main\AndroidManifest.xml
	xmlns:tools
		ADDED from src\main\AndroidManifest.xml:3:5-51
	android:versionCode
		ADDED from src\main\AndroidManifest.xml:5:11-34
		INJECTED from src\main\AndroidManifest.xml
		INJECTED from src\main\AndroidManifest.xml
	xmlns:android
		ADDED from src\main\AndroidManifest.xml:2:11-69
uses-permission#android.permission.READ_PHONE_STATE
ADDED from src\main\AndroidManifest.xml:9:5-74
	android:name
		ADDED from src\main\AndroidManifest.xml:9:22-72
uses-permission#android.permission.INTERNET
ADDED from src\main\AndroidManifest.xml:11:5-66
	android:name
		ADDED from src\main\AndroidManifest.xml:11:22-64
uses-permission#android.permission.ACCESS_NETWORK_STATE
ADDED from src\main\AndroidManifest.xml:12:5-78
	android:name
		ADDED from src\main\AndroidManifest.xml:12:22-76
uses-permission#android.permission.ACCESS_FINE_LOCATION
ADDED from src\main\AndroidManifest.xml:13:5-78
	android:name
		ADDED from src\main\AndroidManifest.xml:13:22-76
uses-permission#android.permission.ACCESS_COARSE_LOCATION
ADDED from src\main\AndroidManifest.xml:14:5-80
	android:name
		ADDED from src\main\AndroidManifest.xml:14:22-78
uses-permission#android.permission.ACCESS_GPS
ADDED from src\main\AndroidManifest.xml:15:5-68
	android:name
		ADDED from src\main\AndroidManifest.xml:15:22-66
uses-permission#android.permission.DISABLE_KEYGUARD
ADDED from src\main\AndroidManifest.xml:17:5-74
	android:name
		ADDED from src\main\AndroidManifest.xml:17:22-72
uses-permission#android.permission.WRITE_EXTERNAL_STORAGE
ADDED from src\main\AndroidManifest.xml:19:5-80
	android:name
		ADDED from src\main\AndroidManifest.xml:19:22-78
uses-permission#android.permission.READ_EXTERNAL_STORAGE
ADDED from src\main\AndroidManifest.xml:20:5-79
	android:name
		ADDED from src\main\AndroidManifest.xml:20:22-77
uses-permission#android.permission.BLUETOOTH
ADDED from src\main\AndroidManifest.xml:22:5-67
	android:name
		ADDED from src\main\AndroidManifest.xml:22:22-65
uses-permission#android.permission.BLUETOOTH_ADMIN
ADDED from src\main\AndroidManifest.xml:23:5-73
	android:name
		ADDED from src\main\AndroidManifest.xml:23:22-71
uses-permission#android.permission.ACCESS_WIFI_STATE
ADDED from src\main\AndroidManifest.xml:24:5-75
	android:name
		ADDED from src\main\AndroidManifest.xml:24:22-73
uses-permission#android.permission.CHANGE_WIFI_STATE
ADDED from src\main\AndroidManifest.xml:25:5-75
	android:name
		ADDED from src\main\AndroidManifest.xml:25:22-73
uses-permission#android.permission.READ_CONTACTS
ADDED from src\main\AndroidManifest.xml:26:5-71
	android:name
		ADDED from src\main\AndroidManifest.xml:26:22-69
application
ADDED from src\main\AndroidManifest.xml:28:5-214:19
MERGED from [com.github.traex.rippleeffect:library:1.2.3] AndroidManifest.xml:12:5-20
MERGED from [com.android.support:design:23.2.0] AndroidManifest.xml:22:5-20
MERGED from [com.android.support:support-v4:23.2.0] AndroidManifest.xml:22:5-20
MERGED from [com.android.support:appcompat-v7:23.2.0] AndroidManifest.xml:25:5-20
MERGED from [com.android.support:animated-vector-drawable:23.2.0] AndroidManifest.xml:7:5-20
MERGED from [com.android.support:support-vector-drawable:23.2.0] AndroidManifest.xml:7:5-20
	android:label
		ADDED from src\main\AndroidManifest.xml:31:9-41
	tools:ignore
		ADDED from src\main\AndroidManifest.xml:33:9-60
	android:allowBackup
		ADDED from src\main\AndroidManifest.xml:29:9-35
	android:icon
		ADDED from src\main\AndroidManifest.xml:30:9-45
	android:theme
		ADDED from src\main\AndroidManifest.xml:32:9-40
activity#com.common.utils.HomeActivity
ADDED from src\main\AndroidManifest.xml:34:9-43:20
	android:screenOrientation
		ADDED from src\main\AndroidManifest.xml:37:13-49
	android:label
		ADDED from src\main\AndroidManifest.xml:36:13-45
	android:name
		ADDED from src\main\AndroidManifest.xml:35:13-41
intent-filter#android.intent.action.MAIN+android.intent.category.LAUNCHER
ADDED from src\main\AndroidManifest.xml:38:13-42:29
action#android.intent.action.MAIN
ADDED from src\main\AndroidManifest.xml:39:17-68
	android:name
		ADDED from src\main\AndroidManifest.xml:39:25-66
category#android.intent.category.LAUNCHER
ADDED from src\main\AndroidManifest.xml:41:17-76
	android:name
		ADDED from src\main\AndroidManifest.xml:41:27-74
service#com.common.utils.BackgroundMusicService
ADDED from src\main\AndroidManifest.xml:45:9-53:19
	android:enabled
		ADDED from src\main\AndroidManifest.xml:47:13-35
	android:process
		ADDED from src\main\AndroidManifest.xml:48:13-38
	tools:ignore
		ADDED from src\main\AndroidManifest.xml:49:13-43
	android:name
		ADDED from src\main\AndroidManifest.xml:46:13-51
intent-filter#.BackgroundMusicService
ADDED from src\main\AndroidManifest.xml:50:13-52:29
action#.BackgroundMusicService
ADDED from src\main\AndroidManifest.xml:51:17-65
	android:name
		ADDED from src\main\AndroidManifest.xml:51:25-63
activity#com.common.utils.MainActivity
ADDED from src\main\AndroidManifest.xml:56:9-58:51
	android:screenOrientation
		ADDED from src\main\AndroidManifest.xml:58:13-49
	android:name
		ADDED from src\main\AndroidManifest.xml:57:13-41
activity#com.common.utils.MaterialView
ADDED from src\main\AndroidManifest.xml:60:9-62:51
	android:screenOrientation
		ADDED from src\main\AndroidManifest.xml:62:13-49
	android:name
		ADDED from src\main\AndroidManifest.xml:61:13-41
activity#com.common.utils.CodeSnippestHomeActivity
ADDED from src\main\AndroidManifest.xml:64:9-66:51
	android:screenOrientation
		ADDED from src\main\AndroidManifest.xml:66:13-49
	android:name
		ADDED from src\main\AndroidManifest.xml:65:13-53
activity#com.common.example.ClientGetActivity
ADDED from src\main\AndroidManifest.xml:68:9-70:51
	android:screenOrientation
		ADDED from src\main\AndroidManifest.xml:70:13-49
	android:name
		ADDED from src\main\AndroidManifest.xml:69:13-64
activity#com.common.example.ClientPostActivity
ADDED from src\main\AndroidManifest.xml:72:9-74:51
	android:screenOrientation
		ADDED from src\main\AndroidManifest.xml:74:13-49
	android:name
		ADDED from src\main\AndroidManifest.xml:73:13-65
activity#com.common.example.ClientPostMultipartEntityActivity
ADDED from src\main\AndroidManifest.xml:76:9-78:51
	android:screenOrientation
		ADDED from src\main\AndroidManifest.xml:78:13-49
	android:name
		ADDED from src\main\AndroidManifest.xml:77:13-80
activity#com.common.example.ValidationAct
ADDED from src\main\AndroidManifest.xml:79:9-81:51
	android:screenOrientation
		ADDED from src\main\AndroidManifest.xml:81:13-49
	android:name
		ADDED from src\main\AndroidManifest.xml:80:13-60
activity#com.common.example.DateFormateAct
ADDED from src\main\AndroidManifest.xml:82:9-84:51
	android:screenOrientation
		ADDED from src\main\AndroidManifest.xml:84:13-49
	android:name
		ADDED from src\main\AndroidManifest.xml:83:13-61
activity#com.common.example.SetPrefAct
ADDED from src\main\AndroidManifest.xml:85:9-87:51
	android:screenOrientation
		ADDED from src\main\AndroidManifest.xml:87:13-49
	android:name
		ADDED from src\main\AndroidManifest.xml:86:13-57
activity#com.common.example.GetPrefAct
ADDED from src\main\AndroidManifest.xml:88:9-90:51
	android:screenOrientation
		ADDED from src\main\AndroidManifest.xml:90:13-49
	android:name
		ADDED from src\main\AndroidManifest.xml:89:13-57
activity#com.common.example.GetCurrentLocationAct
ADDED from src\main\AndroidManifest.xml:91:9-93:51
	android:screenOrientation
		ADDED from src\main\AndroidManifest.xml:93:13-49
	android:name
		ADDED from src\main\AndroidManifest.xml:92:13-68
activity#com.common.example.PinchZoomImageViewAct
ADDED from src\main\AndroidManifest.xml:94:9-96:51
	android:screenOrientation
		ADDED from src\main\AndroidManifest.xml:96:13-49
	android:name
		ADDED from src\main\AndroidManifest.xml:95:13-68
activity#com.common.example.AppIconAct
ADDED from src\main\AndroidManifest.xml:97:9-99:51
	android:screenOrientation
		ADDED from src\main\AndroidManifest.xml:99:13-49
	android:name
		ADDED from src\main\AndroidManifest.xml:98:13-57
activity#com.common.example.SendLocatoNotificationAct
ADDED from src\main\AndroidManifest.xml:100:9-102:51
	android:screenOrientation
		ADDED from src\main\AndroidManifest.xml:102:13-49
	android:name
		ADDED from src\main\AndroidManifest.xml:101:13-72
activity#com.common.example.SendE_MailAct
ADDED from src\main\AndroidManifest.xml:103:9-105:51
	android:screenOrientation
		ADDED from src\main\AndroidManifest.xml:105:13-49
	android:name
		ADDED from src\main\AndroidManifest.xml:104:13-60
activity#com.common.example.ScreenModeDis_Ean_Act
ADDED from src\main\AndroidManifest.xml:106:9-108:51
	android:screenOrientation
		ADDED from src\main\AndroidManifest.xml:108:13-49
	android:name
		ADDED from src\main\AndroidManifest.xml:107:13-68
activity#com.common.example.OpenUrlINBrowserAct
ADDED from src\main\AndroidManifest.xml:109:9-111:51
	android:screenOrientation
		ADDED from src\main\AndroidManifest.xml:111:13-49
	android:name
		ADDED from src\main\AndroidManifest.xml:110:13-66
activity#com.common.example.DownloadImageFromUrlAct
ADDED from src\main\AndroidManifest.xml:112:9-114:51
	android:screenOrientation
		ADDED from src\main\AndroidManifest.xml:114:13-49
	android:name
		ADDED from src\main\AndroidManifest.xml:113:13-70
activity#com.common.example.BackGroundMusicStartStopAct
ADDED from src\main\AndroidManifest.xml:115:9-117:51
	android:screenOrientation
		ADDED from src\main\AndroidManifest.xml:117:13-49
	android:name
		ADDED from src\main\AndroidManifest.xml:116:13-74
activity#com.common.example.BluetoothOrWifiOnOffAct
ADDED from src\main\AndroidManifest.xml:118:9-120:51
	android:screenOrientation
		ADDED from src\main\AndroidManifest.xml:120:13-49
	android:name
		ADDED from src\main\AndroidManifest.xml:119:13-70
activity#com.common.example.GetRandomNumberAct
ADDED from src\main\AndroidManifest.xml:121:9-123:51
	android:screenOrientation
		ADDED from src\main\AndroidManifest.xml:123:13-49
	android:name
		ADDED from src\main\AndroidManifest.xml:122:13-65
activity#com.common.example.PostFixForNumberAct
ADDED from src\main\AndroidManifest.xml:124:9-126:51
	android:screenOrientation
		ADDED from src\main\AndroidManifest.xml:126:13-49
	android:name
		ADDED from src\main\AndroidManifest.xml:125:13-66
activity#com.common.example.blurEffectsOnDrawableAct
ADDED from src\main\AndroidManifest.xml:127:9-129:51
	android:screenOrientation
		ADDED from src\main\AndroidManifest.xml:129:13-49
	android:name
		ADDED from src\main\AndroidManifest.xml:128:13-71
activity#com.common.example.UrlValidationRippleActivity
ADDED from src\main\AndroidManifest.xml:130:9-132:51
	android:screenOrientation
		ADDED from src\main\AndroidManifest.xml:132:13-49
	android:name
		ADDED from src\main\AndroidManifest.xml:131:13-74
activity#com.common.example.CommonActivity
ADDED from src\main\AndroidManifest.xml:133:9-135:51
	android:screenOrientation
		ADDED from src\main\AndroidManifest.xml:135:13-49
	android:name
		ADDED from src\main\AndroidManifest.xml:134:13-61
activity#com.common.utils.social.LinkedInActivity
ADDED from src\main\AndroidManifest.xml:136:9-138:51
	android:screenOrientation
		ADDED from src\main\AndroidManifest.xml:138:13-49
	android:name
		ADDED from src\main\AndroidManifest.xml:137:13-52
activity#com.common.utils.ProfileActivity
ADDED from src\main\AndroidManifest.xml:139:9-141:51
	android:screenOrientation
		ADDED from src\main\AndroidManifest.xml:141:13-49
	android:name
		ADDED from src\main\AndroidManifest.xml:140:13-44
activity#com.common.example.ArraylistToStringActivity
ADDED from src\main\AndroidManifest.xml:142:9-144:51
	android:screenOrientation
		ADDED from src\main\AndroidManifest.xml:144:13-49
	android:name
		ADDED from src\main\AndroidManifest.xml:143:13-72
activity#com.common.example.BlurEffectActivity
ADDED from src\main\AndroidManifest.xml:145:9-147:51
	android:screenOrientation
		ADDED from src\main\AndroidManifest.xml:147:13-49
	android:name
		ADDED from src\main\AndroidManifest.xml:146:13-65
activity#com.common.example.DrawableToBitmapActivity
ADDED from src\main\AndroidManifest.xml:148:9-150:51
	android:screenOrientation
		ADDED from src\main\AndroidManifest.xml:150:13-49
	android:name
		ADDED from src\main\AndroidManifest.xml:149:13-71
activity#com.common.example.SaveImageInPreference
ADDED from src\main\AndroidManifest.xml:151:9-153:51
	android:screenOrientation
		ADDED from src\main\AndroidManifest.xml:153:13-49
	android:name
		ADDED from src\main\AndroidManifest.xml:152:13-68
activity#com.common.example.VerticalTextViewsActivity
ADDED from src\main\AndroidManifest.xml:154:9-156:51
	android:screenOrientation
		ADDED from src\main\AndroidManifest.xml:156:13-49
	android:name
		ADDED from src\main\AndroidManifest.xml:155:13-72
activity#com.common.example.RoundedBitmapActivity
ADDED from src\main\AndroidManifest.xml:157:9-159:51
	android:screenOrientation
		ADDED from src\main\AndroidManifest.xml:159:13-49
	android:name
		ADDED from src\main\AndroidManifest.xml:158:13-68
activity#com.common.example.PreventClickActivity
ADDED from src\main\AndroidManifest.xml:160:9-162:51
	android:screenOrientation
		ADDED from src\main\AndroidManifest.xml:162:13-49
	android:name
		ADDED from src\main\AndroidManifest.xml:161:13-67
activity#com.common.example.PickCaptureActivity
ADDED from src\main\AndroidManifest.xml:163:9-165:51
	android:screenOrientation
		ADDED from src\main\AndroidManifest.xml:165:13-49
	android:name
		ADDED from src\main\AndroidManifest.xml:164:13-66
activity#com.common.example.EmailContactsScreenShotActivity
ADDED from src\main\AndroidManifest.xml:166:9-168:51
	android:screenOrientation
		ADDED from src\main\AndroidManifest.xml:168:13-49
	android:name
		ADDED from src\main\AndroidManifest.xml:167:13-78
activity#com.common.example.ImageVideoActivity
ADDED from src\main\AndroidManifest.xml:169:9-171:51
	android:screenOrientation
		ADDED from src\main\AndroidManifest.xml:171:13-49
	android:name
		ADDED from src\main\AndroidManifest.xml:170:13-65
activity#com.common.example.AddressOnMapActivity
ADDED from src\main\AndroidManifest.xml:172:9-174:51
	android:screenOrientation
		ADDED from src\main\AndroidManifest.xml:174:13-49
	android:name
		ADDED from src\main\AndroidManifest.xml:173:13-67
activity#com.common.example.CreateFolderActivity
ADDED from src\main\AndroidManifest.xml:175:9-177:67
	android:label
		ADDED from src\main\AndroidManifest.xml:177:13-65
	android:name
		ADDED from src\main\AndroidManifest.xml:176:13-67
activity#com.common.example.DateDifferenceActivity
ADDED from src\main\AndroidManifest.xml:178:9-180:69
	android:label
		ADDED from src\main\AndroidManifest.xml:180:13-67
	android:name
		ADDED from src\main\AndroidManifest.xml:179:13-69
activity#com.common.example.StringToDateActivity
ADDED from src\main\AndroidManifest.xml:181:9-183:68
	android:label
		ADDED from src\main\AndroidManifest.xml:183:13-66
	android:name
		ADDED from src\main\AndroidManifest.xml:182:13-67
activity#com.common.example.ToastActivity
ADDED from src\main\AndroidManifest.xml:184:9-186:59
	android:label
		ADDED from src\main\AndroidManifest.xml:186:13-57
	android:name
		ADDED from src\main\AndroidManifest.xml:185:13-60
activity#com.common.example.ChooseProfileActivity
ADDED from src\main\AndroidManifest.xml:187:9-189:68
	android:label
		ADDED from src\main\AndroidManifest.xml:189:13-66
	android:name
		ADDED from src\main\AndroidManifest.xml:188:13-68
activity#com.common.example.VolumeActivity
ADDED from src\main\AndroidManifest.xml:190:9-192:60
	android:label
		ADDED from src\main\AndroidManifest.xml:192:13-58
	android:name
		ADDED from src\main\AndroidManifest.xml:191:13-61
activity#com.common.example.FileCountActivity
ADDED from src\main\AndroidManifest.xml:193:9-195:64
	android:label
		ADDED from src\main\AndroidManifest.xml:195:13-62
	android:name
		ADDED from src\main\AndroidManifest.xml:194:13-64
activity#com.common.example.ColorPickerActivity
ADDED from src\main\AndroidManifest.xml:196:9-198:66
	android:label
		ADDED from src\main\AndroidManifest.xml:198:13-64
	android:name
		ADDED from src\main\AndroidManifest.xml:197:13-66
activity#com.common.example.DownloadActivity
ADDED from src\main\AndroidManifest.xml:199:9-201:62
	android:label
		ADDED from src\main\AndroidManifest.xml:201:13-60
	android:name
		ADDED from src\main\AndroidManifest.xml:200:13-63
activity#com.common.utils.MaterialLibrariesListActivity
ADDED from src\main\AndroidManifest.xml:203:9-205:15
	android:name
		ADDED from src\main\AndroidManifest.xml:204:13-74
activity#eu.janmuller.android.simplecropimage.CropImage
ADDED from src\main\AndroidManifest.xml:207:9-82
	android:name
		ADDED from src\main\AndroidManifest.xml:207:19-80
provider#com.common.utils.InternalStorageContentProvider
ADDED from src\main\AndroidManifest.xml:209:9-213:54
	android:authorities
		ADDED from src\main\AndroidManifest.xml:211:13-51
	android:exported
		ADDED from src\main\AndroidManifest.xml:212:13-36
	tools:ignore
		ADDED from src\main\AndroidManifest.xml:213:13-51
	android:name
		ADDED from src\main\AndroidManifest.xml:210:13-59
uses-sdk
INJECTED from src\main\AndroidManifest.xml reason: use-sdk injection requested
MERGED from [com.github.traex.rippleeffect:library:1.2.3] AndroidManifest.xml:8:5-10:41
MERGED from [com.android.support:design:23.2.0] AndroidManifest.xml:20:5-43
MERGED from [com.android.support:recyclerview-v7:23.2.0] AndroidManifest.xml:20:5-43
MERGED from [com.android.support:support-v4:23.2.0] AndroidManifest.xml:20:5-43
MERGED from [com.android.support:appcompat-v7:23.2.0] AndroidManifest.xml:21:5-23:78
MERGED from [com.android.support:animated-vector-drawable:23.2.0] AndroidManifest.xml:5:5-44
MERGED from [com.android.support:support-vector-drawable:23.2.0] AndroidManifest.xml:5:5-43
MERGED from [android-app-common-tasks:simplecropimagelib:unspecified] AndroidManifest.xml:9:5-11:41
	tools:overrideLibrary
		ADDED from [com.android.support:appcompat-v7:23.2.0] AndroidManifest.xml:23:9-75
	android:targetSdkVersion
		INJECTED from src\main\AndroidManifest.xml
		INJECTED from src\main\AndroidManifest.xml
	android:minSdkVersion
		INJECTED from src\main\AndroidManifest.xml
		INJECTED from src\main\AndroidManifest.xml